<?xml version="1.0" encoding="UTF-8"?>
<!-- Generated by org.testng.reporters.JUnitXMLReporter -->
<testsuite ignored="0" hostname="Asiwajus-MacBook-Air.local" failures="1" tests="1" name="Surefire test" time="51.767" errors="0" timestamp="2025-01-16T12:59:57 WET">
  <testcase classname="com.teambuilder.tests.LoginTest" name="testLogin" time="39.133">
    <failure type="java.lang.RuntimeException" message="Failed to login">
      <![CDATA[java.lang.RuntimeException: Failed to login
at com.teambuilder.tests.LoginTest.testLogin(LoginTest.java:88)
at java.base/java.util.ArrayList.forEach(ArrayList.java:1596)
Caused by: FindFailed: Could not find email input after all attempts
  Line 94, in file LoginPage.java

at com.teambuilder.pages.LoginPage.enterEmail(LoginPage.java:94)
at com.teambuilder.pages.LoginPage.login(LoginPage.java:192)
at com.teambuilder.tests.LoginTest.testLogin(LoginTest.java:84)
... 31 more
... Removed 30 stack frames]]>
    </failure>
  </testcase> <!-- testLogin -->
</testsuite> <!-- Surefire test -->
