<?xml version="1.0" encoding="UTF-8"?>
<testsuite xmlns:xsi="http://www.w3.org/2001/XMLSchema-instance" xsi:noNamespaceSchemaLocation="https://maven.apache.org/surefire/maven-surefire-plugin/xsd/surefire-test-report-3.0.xsd" version="3.0" name="com.teambuilder.tests.TeamCreationTest" time="207.243" tests="1" errors="0" skipped="0" failures="0">
  <properties>
[...]
</properties>
  <testcase name="testTeamCreationWithoutNewPlayer" classname="com.teambuilder.tests.TeamCreationTest" time="190.004">
    <system-out><![CDATA[[log] highlight M[335,490 595x66]On(0) S 9172 for 1.0 secs
[log] CLICK on L[632,523]@S(0) (639 msec)
[log] CLICK on L[632,523]@S(0) (84 msec)
[log] CLICK on L[632,523]@S(0) (86 msec)
[log] CLICK on L[655,586]@S(0) (632 msec)
[log] CLICK on L[649,655]@S(0) (641 msec)
[log] highlight M[438,220 412x216]On(0) S 4204 for 5.0 secs
[log] CLICK on L[644,333]@S(0) (636 msec)
[log] highlight M[528,310 255x188]On(0) S 3925 for 5.0 secs
[log] CLICK on L[655,409]@S(0) (630 msec)
[log] highlight M[12,433 1418x63]On(0) S 6528 for 2.0 secs
[log] CLICK on L[721,464]@S(0) (637 msec)
[log] CLICK on L[721,464]@S(0) (79 msec)
[log] CLICK on L[721,464]@S(0) (81 msec)
[log]  TYPE "#BACK."
[log]  TYPE "#BACK."
[log]  TYPE "#BACK."
[log]  TYPE "#BACK."
[log]  TYPE "#BACK."
[log]  TYPE "2"
[log] CLICK on L[643,534]@S(0) (643 msec)
[log] CLICK on L[682,193]@S(0) (634 msec)
[log] CLICK on L[648,180]@S(0) (636 msec)
]]></system-out>
    <system-err><![CDATA[[main] INFO io.github.bonigarcia.wdm.WebDriverManager - Using chromedriver 132.0.6834.83 (resolved driver for Chrome 132)
[main] INFO io.github.bonigarcia.wdm.WebDriverManager - Exporting webdriver.chrome.driver as /Users/oluwabamise/.cache/selenium/chromedriver/mac64/132.0.6834.83/chromedriver
Jan 18, 2025 4:57:48 PM org.openqa.selenium.devtools.CdpVersionFinder findNearestMatch
WARNING: Unable to find CDP implementation matching 132
Jan 18, 2025 4:57:48 PM org.openqa.selenium.chromium.ChromiumDriver lambda$new$5
WARNING: Unable to find version of CDP to use for 132.0.6834.83. You may need to include a dependency on a specific version of the CDP using something similar to `org.seleniumhq.selenium:selenium-devtools-v86:4.16.1` where the version ("v86") matches the version of the chromium-based browser you're using and the version number of the artifact is the same as Selenium's.
[main] INFO com.teambuilder.tests.TeamCreationTest - Starting team creation test
[main] INFO com.teambuilder.tests.TeamCreationTest - Initializing page objects
[main] INFO com.teambuilder.pages.LoginPage - Image file exists: emailinputlogin.png
[main] INFO com.teambuilder.pages.LoginPage - Image file exists: password-input.png
[main] INFO com.teambuilder.pages.LoginPage - Image file exists: login-button.png
[main] INFO com.teambuilder.pages.LoginPage - Image file exists: team-balancer-text.png
[main] INFO com.teambuilder.pages.SportSelectionPage - Loading basketball image from: /Users/oluwabamise/flutter_e2e/src/test/resources/images/sports/basketball.png
[main] INFO com.teambuilder.pages.SportSelectionPage - Basketball image size: 168802 bytes
[main] INFO com.teambuilder.pages.SportSelectionPage - Loading soccer image from: /Users/oluwabamise/flutter_e2e/src/test/resources/images/sports/verifysoccer.png
[main] INFO com.teambuilder.pages.SportSelectionPage - Soccer image size: 42065 bytes
[main] INFO com.teambuilder.pages.SportSelectionPage - Screen dimensions: 1440x900
[main] INFO com.teambuilder.pages.SportSelectionPage - Screen bounds: java.awt.Rectangle[x=0,y=0,width=1440,height=900]
[main] INFO com.teambuilder.pages.TeamCreationPage - Initialized TeamCreationPage with patterns from: /Users/oluwabamise/flutter_e2e/src/test/resources/screenshots/team_creation/
[main] INFO com.teambuilder.tests.TeamCreationTest - Step 1: Starting login process
[main] INFO com.teambuilder.tests.TeamCreationTest - Entering email
[main] INFO com.teambuilder.pages.LoginPage - Entering email: oluwabamiseolanipekun@gmail.com
[main] INFO com.teambuilder.pages.LoginPage - Attempting to find email input using WebDriver
[main] WARN com.teambuilder.pages.LoginPage - WebDriver approach failed, falling back to Sikuli: Expected condition failed: waiting for presence of element located by: By.cssSelector: input[type='email'], input[placeholder*='email'], input[name*='email'] (tried for 30 second(s) with 500 milliseconds interval)
[main] INFO com.teambuilder.pages.LoginPage - Looking for email input field using Sikuli...
[main] INFO com.teambuilder.pages.LoginPage - Trying similarity threshold: 0.4
[main] INFO com.teambuilder.pages.LoginPage - Found email input at location: (335, 490)
[main] INFO com.teambuilder.pages.LoginPage - Typing email text: oluwabamiseolanipekun@gmail.com
[main] INFO com.teambuilder.pages.LoginPage - Typing character: o
[main] INFO com.teambuilder.pages.LoginPage - Typing character: l
[main] INFO com.teambuilder.pages.LoginPage - Typing character: u
[main] INFO com.teambuilder.pages.LoginPage - Typing character: w
[main] INFO com.teambuilder.pages.LoginPage - Typing character: a
[main] INFO com.teambuilder.pages.LoginPage - Typing character: b
[main] INFO com.teambuilder.pages.LoginPage - Typing character: a
[main] INFO com.teambuilder.pages.LoginPage - Typing character: m
[main] INFO com.teambuilder.pages.LoginPage - Typing character: i
[main] INFO com.teambuilder.pages.LoginPage - Typing character: s
[main] INFO com.teambuilder.pages.LoginPage - Typing character: e
[main] INFO com.teambuilder.pages.LoginPage - Typing character: o
[main] INFO com.teambuilder.pages.LoginPage - Typing character: l
[main] INFO com.teambuilder.pages.LoginPage - Typing character: a
[main] INFO com.teambuilder.pages.LoginPage - Typing character: n
[main] INFO com.teambuilder.pages.LoginPage - Typing character: i
[main] INFO com.teambuilder.pages.LoginPage - Typing character: p
[main] INFO com.teambuilder.pages.LoginPage - Typing character: e
[main] INFO com.teambuilder.pages.LoginPage - Typing character: k
[main] INFO com.teambuilder.pages.LoginPage - Typing character: u
[main] INFO com.teambuilder.pages.LoginPage - Typing character: n
[main] INFO com.teambuilder.pages.LoginPage - Typing character: @
[main] INFO com.teambuilder.pages.LoginPage - Typing character: g
[main] INFO com.teambuilder.pages.LoginPage - Typing character: m
[main] INFO com.teambuilder.pages.LoginPage - Typing character: a
[main] INFO com.teambuilder.pages.LoginPage - Typing character: i
[main] INFO com.teambuilder.pages.LoginPage - Typing character: l
[main] INFO com.teambuilder.pages.LoginPage - Typing character: .
[main] INFO com.teambuilder.pages.LoginPage - Typing character: c
[main] INFO com.teambuilder.pages.LoginPage - Typing character: o
[main] INFO com.teambuilder.pages.LoginPage - Typing character: m
[main] INFO com.teambuilder.pages.LoginPage - Finished entering email
[main] INFO com.teambuilder.tests.TeamCreationTest - Entering password
[main] INFO com.teambuilder.pages.LoginPage - Entering password: Bamise123
[main] INFO com.teambuilder.pages.LoginPage - Typing character: B
[main] INFO com.teambuilder.pages.LoginPage - Typing character: a
[main] INFO com.teambuilder.pages.LoginPage - Typing character: m
[main] INFO com.teambuilder.pages.LoginPage - Typing character: i
[main] INFO com.teambuilder.pages.LoginPage - Typing character: s
[main] INFO com.teambuilder.pages.LoginPage - Typing character: e
[main] INFO com.teambuilder.pages.LoginPage - Typing character: 1
[main] INFO com.teambuilder.pages.LoginPage - Typing character: 2
[main] INFO com.teambuilder.pages.LoginPage - Typing character: 3
[main] INFO com.teambuilder.pages.LoginPage - Finished entering password
[main] INFO com.teambuilder.tests.TeamCreationTest - Clicking login button
[main] INFO com.teambuilder.pages.LoginPage - Clicking login button
[main] INFO com.teambuilder.tests.TeamCreationTest - Step 2: Selecting basketball
[main] INFO com.teambuilder.pages.SportSelectionPage - Attempting to select Basketball
[main] INFO com.teambuilder.pages.SportSelectionPage - Waiting for page to stabilize...
[main] INFO com.teambuilder.pages.SportSelectionPage - Screen state before search - Width: 1440, Height: 900, X: 0, Y: 0
[main] INFO com.teambuilder.pages.SportSelectionPage - Attempt 1 to find basketball image...
[main] INFO com.teambuilder.pages.SportSelectionPage - Found basketball on attempt 1
[main] INFO com.teambuilder.pages.SportSelectionPage - Found basketball option at location: (438, 220)
[main] INFO com.teambuilder.pages.SportSelectionPage - Match score: 0.42044517397880554
[main] INFO com.teambuilder.pages.SportSelectionPage - Match target: L[644,328]@S(0)
[main] INFO com.teambuilder.pages.SportSelectionPage - Successfully clicked on Basketball option with offset
[main] INFO com.teambuilder.pages.SportSelectionPage - Found soccer image at location: (528, 310)
[main] INFO com.teambuilder.pages.SportSelectionPage - Soccer match score: 0.39253300428390503
[main] INFO com.teambuilder.pages.SportSelectionPage - Clicked on soccer image with offset
[main] INFO com.teambuilder.pages.SportSelectionPage - Finished waiting after soccer click
[main] INFO com.teambuilder.tests.TeamCreationTest - Step 3: Entering team number
[main] INFO com.teambuilder.pages.TeamCreationPage - Attempting to enter team number into the second input field: 2
[main] INFO com.teambuilder.pages.TeamCreationPage - Attempts remaining: 10
[main] INFO com.teambuilder.pages.TeamCreationPage - Looking for all matches for team number input fields
[main] INFO com.teambuilder.pages.TeamCreationPage - Number of input fields found: 5
[main] INFO com.teambuilder.pages.TeamCreationPage - Found second team number input field at (12, 433)
[main] INFO com.teambuilder.pages.TeamCreationPage - Clicking the second input field to focus
[main] INFO com.teambuilder.pages.TeamCreationPage - Clearing existing value
[main] INFO com.teambuilder.pages.TeamCreationPage - Typing team number: 2
[main] INFO com.teambuilder.pages.TeamCreationPage - Successfully verified team number entry in second field
[main] INFO com.teambuilder.tests.TeamCreationTest - Step 4: Selecting skills
[main] INFO com.teambuilder.pages.TeamCreationPage - Attempting to click select skill button
[main] INFO com.teambuilder.pages.TeamCreationPage - Successfully clicked select skill button
[main] INFO com.teambuilder.pages.TeamCreationPage - Attempting to select skill from popup
[main] INFO com.teambuilder.pages.TeamCreationPage - Successfully selected skill from popup
[main] INFO com.teambuilder.pages.TeamCreationPage - Attempting to click confirm button
[main] INFO com.teambuilder.pages.TeamCreationPage - Successfully clicked confirm button
]]></system-err>
  </testcase>
</testsuite>