<?xml version="1.0" encoding="UTF-8"?>
<testsuite xmlns:xsi="http://www.w3.org/2001/XMLSchema-instance" xsi:noNamespaceSchemaLocation="https://maven.apache.org/surefire/maven-surefire-plugin/xsd/surefire-test-report-3.0.xsd" version="3.0" name="com.teambuilder.tests.LoginTest" time="52.622" tests="1" errors="0" skipped="0" failures="1">
  <properties>
[...]
</properties>
  <testcase name="testLogin" classname="com.teambuilder.tests.LoginTest" time="39.181">
    <failure message="Failed to login" type="java.lang.RuntimeException"><![CDATA[java.lang.RuntimeException: Failed to login
	at com.teambuilder.tests.LoginTest.testLogin(LoginTest.java:88)
	at java.base/jdk.internal.reflect.DirectMethodHandleAccessor.invoke(DirectMethodHandleAccessor.java:103)
	at java.base/java.lang.reflect.Method.invoke(Method.java:580)
	at org.testng.internal.invokers.MethodInvocationHelper.invokeMethod(MethodInvocationHelper.java:139)
	at org.testng.internal.invokers.TestInvoker.invokeMethod(TestInvoker.java:664)
	at org.testng.internal.invokers.TestInvoker.invokeTestMethod(TestInvoker.java:227)
	at org.testng.internal.invokers.MethodRunner.runInSequence(MethodRunner.java:50)
	at org.testng.internal.invokers.TestInvoker$MethodInvocationAgent.invoke(TestInvoker.java:957)
	at org.testng.internal.invokers.TestInvoker.invokeTestMethods(TestInvoker.java:200)
	at org.testng.internal.invokers.TestMethodWorker.invokeTestMethods(TestMethodWorker.java:148)
	at org.testng.internal.invokers.TestMethodWorker.run(TestMethodWorker.java:128)
	at java.base/java.util.ArrayList.forEach(ArrayList.java:1596)
	at org.testng.TestRunner.privateRun(TestRunner.java:848)
	at org.testng.TestRunner.run(TestRunner.java:621)
	at org.testng.SuiteRunner.runTest(SuiteRunner.java:443)
	at org.testng.SuiteRunner.runSequentially(SuiteRunner.java:437)
	at org.testng.SuiteRunner.privateRun(SuiteRunner.java:397)
	at org.testng.SuiteRunner.run(SuiteRunner.java:336)
	at org.testng.SuiteRunnerWorker.runSuite(SuiteRunnerWorker.java:52)
	at org.testng.SuiteRunnerWorker.run(SuiteRunnerWorker.java:95)
	at org.testng.TestNG.runSuitesSequentially(TestNG.java:1280)
	at org.testng.TestNG.runSuitesLocally(TestNG.java:1200)
	at org.testng.TestNG.runSuites(TestNG.java:1114)
	at org.testng.TestNG.run(TestNG.java:1082)
	at org.apache.maven.surefire.testng.TestNGExecutor.run(TestNGExecutor.java:155)
	at org.apache.maven.surefire.testng.TestNGDirectoryTestSuite.executeSingleClass(TestNGDirectoryTestSuite.java:102)
	at org.apache.maven.surefire.testng.TestNGDirectoryTestSuite.execute(TestNGDirectoryTestSuite.java:91)
	at org.apache.maven.surefire.testng.TestNGProvider.invoke(TestNGProvider.java:137)
	at org.apache.maven.surefire.booter.ForkedBooter.runSuitesInProcess(ForkedBooter.java:385)
	at org.apache.maven.surefire.booter.ForkedBooter.execute(ForkedBooter.java:162)
	at org.apache.maven.surefire.booter.ForkedBooter.run(ForkedBooter.java:507)
	at org.apache.maven.surefire.booter.ForkedBooter.main(ForkedBooter.java:495)
Caused by: FindFailed: Could not find email input after all attempts
  Line 94, in file LoginPage.java

	at com.teambuilder.pages.LoginPage.enterEmail(LoginPage.java:94)
	at com.teambuilder.pages.LoginPage.login(LoginPage.java:192)
	at com.teambuilder.tests.LoginTest.testLogin(LoginTest.java:84)
	... 31 more
]]></failure>
    <system-err><![CDATA[[main] INFO io.github.bonigarcia.wdm.WebDriverManager - Using chromedriver 131.0.6778.264 (resolved driver for Chrome 131)
[main] INFO io.github.bonigarcia.wdm.WebDriverManager - Exporting webdriver.chrome.driver as /Users/oluwabamise/.cache/selenium/chromedriver/mac64/131.0.6778.264/chromedriver
Jan 16, 2025 12:59:16 PM org.openqa.selenium.devtools.CdpVersionFinder findNearestMatch
WARNING: Unable to find CDP implementation matching 131
Jan 16, 2025 12:59:16 PM org.openqa.selenium.chromium.ChromiumDriver lambda$new$5
WARNING: Unable to find version of CDP to use for 131.0.6778.265. You may need to include a dependency on a specific version of the CDP using something similar to `org.seleniumhq.selenium:selenium-devtools-v86:4.16.1` where the version ("v86") matches the version of the chromium-based browser you're using and the version number of the artifact is the same as Selenium's.
[main] INFO com.teambuilder.pages.LoginPage - Image file exists: emailinputlogin.png
[main] INFO com.teambuilder.pages.LoginPage - Image file exists: password-input.png
[main] INFO com.teambuilder.pages.LoginPage - Image file exists: login-button.png
[main] INFO com.teambuilder.pages.RegistrationPage - Image file exists: signup-link.png
[main] INFO com.teambuilder.pages.RegistrationPage - Image file exists: name-input.png
[main] INFO com.teambuilder.pages.RegistrationPage - Image file exists: email-input.png
[main] INFO com.teambuilder.pages.RegistrationPage - Image file exists: password-input.png
[main] INFO com.teambuilder.pages.RegistrationPage - Image file exists: confirm-password.png
[main] INFO com.teambuilder.pages.RegistrationPage - Image file exists: register-button.png
[main] INFO com.teambuilder.tests.LoginTest - Navigated to signin page
[main] INFO com.teambuilder.tests.LoginTest - Attempting to login with email: oluwabamiseolanipekun@gmail.com
[main] INFO com.teambuilder.pages.LoginPage - URL before login: https://team-building-balancer.web.app/#/signin
[main] INFO com.teambuilder.pages.LoginPage - Entering email: oluwabamiseolanipekun@gmail.com
[main] INFO com.teambuilder.pages.LoginPage - Looking for email input field...
[main] INFO com.teambuilder.pages.LoginPage - Trying similarity threshold: 0.4
[main] WARN com.teambuilder.pages.LoginPage - Failed to find email input with similarity 0.4: /Users/oluwabamise/flutter-e2e-tests/src/test/resources/images/registration/emailinputlogin.png: (595x66) in R[0,0 1440x900]@S(0)
[main] INFO com.teambuilder.pages.LoginPage - Trying similarity threshold: 0.5
[main] WARN com.teambuilder.pages.LoginPage - Failed to find email input with similarity 0.5: /Users/oluwabamise/flutter-e2e-tests/src/test/resources/images/registration/emailinputlogin.png: (595x66) in R[0,0 1440x900]@S(0)
[main] INFO com.teambuilder.pages.LoginPage - Trying similarity threshold: 0.6
[main] WARN com.teambuilder.pages.LoginPage - Failed to find email input with similarity 0.6: /Users/oluwabamise/flutter-e2e-tests/src/test/resources/images/registration/emailinputlogin.png: (595x66) in R[0,0 1440x900]@S(0)
[main] INFO com.teambuilder.pages.LoginPage - Trying similarity threshold: 0.7
[main] WARN com.teambuilder.pages.LoginPage - Failed to find email input with similarity 0.7: /Users/oluwabamise/flutter-e2e-tests/src/test/resources/images/registration/emailinputlogin.png: (595x66) in R[0,0 1440x900]@S(0)
[main] ERROR com.teambuilder.tests.LoginTest - Exception occurred during login: Could not find email input after all attempts
]]></system-err>
  </testcase>
</testsuite>